<?xml version="1.0" encoding="UTF-8"?>
<coverage generated="1661822060962" clover="3.2.0">
  <project timestamp="1661822060962" name="All files">
    <metrics statements="4" coveredstatements="4" conditionals="0" coveredconditionals="0" methods="2" coveredmethods="2" elements="6" coveredelements="6" complexity="0" loc="4" ncloc="4" packages="1" files="2" classes="2"/>
    <file name="soma.js" path="C:\Users\millena.jrrocha\Documents\Calculadora\src\javascript\soma.js">
      <metrics statements="2" coveredstatements="2" conditionals="0" coveredconditionals="0" methods="1" coveredmethods="1"/>
      <line num="2" count="3" type="stmt"/>
      <line num="5" count="1" type="stmt"/>
    </file>
    <file name="subtracao.js" path="C:\Users\millena.jrrocha\Documents\Calculadora\src\javascript\subtracao.js">
      <metrics statements="2" coveredstatements="2" conditionals="0" coveredconditionals="0" methods="1" coveredmethods="1"/>
      <line num="2" count="1" type="stmt"/>
      <line num="4" count="1" type="stmt"/>
    </file>
  </project>
</coverage>
