{"C:\\Users\\millena.jrrocha\\Documents\\Calculadora\\src\\javascript\\soma.js": {"path":"C:\\Users\\millena.jrrocha\\Documents\\Calculadora\\src\\javascript\\soma.js","statementMap":{"0":{"start":{"line":2,"column":4},"end":{"line":2,"column":17}},"1":{"start":{"line":5,"column":0},"end":{"line":5,"column":22}}},"fnMap":{"0":{"name":"soma","decl":{"start":{"line":1,"column":9},"end":{"line":1,"column":13}},"loc":{"start":{"line":1,"column":18},"end":{"line":3,"column":1}},"line":1}},"branchMap":{},"s":{"0":3,"1":1},"f":{"0":3},"b":{},"_coverageSchema":"1a1c01bbd47fc00a2c39e90264f33305004495a9","hash":"e62910fc4792f5e1806eaa3b73f602a1d2f02e05"}
,"C:\\Users\\millena.jrrocha\\Documents\\Calculadora\\src\\javascript\\subtracao.js": {"path":"C:\\Users\\millena.jrrocha\\Documents\\Calculadora\\src\\javascript\\subtracao.js","statementMap":{"0":{"start":{"line":2,"column":4},"end":{"line":2,"column":17}},"1":{"start":{"line":4,"column":0},"end":{"line":4,"column":25}}},"fnMap":{"0":{"name":"subtrai","decl":{"start":{"line":1,"column":9},"end":{"line":1,"column":16}},"loc":{"start":{"line":1,"column":21},"end":{"line":3,"column":1}},"line":1}},"branchMap":{},"s":{"0":1,"1":1},"f":{"0":1},"b":{},"_coverageSchema":"1a1c01bbd47fc00a2c39e90264f33305004495a9","hash":"06d0e99afb12a37eec2a151c8886c16127fd4e79"}
}
